# JRE version: OpenJDK Runtime Environment (8.0_111-b14) (build 1.8.0_111-8u111-b14-2ubuntu0.16.04.2-b14)
# Java VM: OpenJDK 64-Bit Server VM (25.111-b14 mixed mode linux-amd64 compressed oops)
Heap:
 PSYoungGen      total 283136K, used 21504K [0x00000000e0000000, 0x00000000f7f00000, 0x0000000100000000)
  eden space 261632K, 0% used [0x00000000e0000000,0x00000000e0000000,0x00000000eff80000)
  from space 21504K, 100% used [0x00000000f6a00000,0x00000000f7f00000,0x00000000f7f00000)
  to   space 21504K, 0% used [0x00000000eff80000,0x00000000eff80000,0x00000000f1480000)
 ParOldGen       total 349696K, used 45701K [0x00000000a0000000, 0x00000000b5580000, 0x00000000e0000000)
  object space 349696K, 13% used [0x00000000a0000000,0x00000000a2ca1578,0x00000000b5580000)
 Metaspace       used 71659K, capacity 73397K, committed 73456K, reserved 1110016K
  class space    used 12216K, capacity 12437K, committed 12456K, reserved 1048576K
GC Heap History (10 events):
Event: 4,315 GC heap after
Heap after GC invocations=5 (full 2):
 PSYoungGen      total 278016K, used 10188K [0x00000000e0000000, 0x00000000f2980000, 0x0000000100000000)
  eden space 256512K, 0% used [0x00000000e0000000,0x00000000e0000000,0x00000000efa80000)
  from space 21504K, 47% used [0x00000000efa80000,0x00000000f0473268,0x00000000f0f80000)
  to   space 21504K, 0% used [0x00000000f1480000,0x00000000f1480000,0x00000000f2980000)
 ParOldGen       total 349696K, used 17606K [0x00000000a0000000, 0x00000000b5580000, 0x00000000e0000000)
  object space 349696K, 5% used [0x00000000a0000000,0x00000000a11318e8,0x00000000b5580000)
 Metaspace       used 43540K, capacity 43902K, committed 44072K, reserved 1085440K
  class space    used 8082K, capacity 8186K, committed 8232K, reserved 1048576K
}
Event: 4,315 GC heap before
{Heap before GC invocations=6 (full 3):
 PSYoungGen      total 278016K, used 10188K [0x00000000e0000000, 0x00000000f2980000, 0x0000000100000000)
  eden space 256512K, 0% used [0x00000000e0000000,0x00000000e0000000,0x00000000efa80000)
  from space 21504K, 47% used [0x00000000efa80000,0x00000000f0473268,0x00000000f0f80000)
  to   space 21504K, 0% used [0x00000000f1480000,0x00000000f1480000,0x00000000f2980000)
 ParOldGen       total 349696K, used 17606K [0x00000000a0000000, 0x00000000b5580000, 0x00000000e0000000)
  object space 349696K, 5% used [0x00000000a0000000,0x00000000a11318e8,0x00000000b5580000)
 Metaspace       used 43540K, capacity 43902K, committed 44072K, reserved 1085440K
  class space    used 8082K, capacity 8186K, committed 8232K, reserved 1048576K
Event: 4,409 GC heap after
Heap after GC invocations=6 (full 3):
 PSYoungGen      total 278016K, used 0K [0x00000000e0000000, 0x00000000f2980000, 0x0000000100000000)
  eden space 256512K, 0% used [0x00000000e0000000,0x00000000e0000000,0x00000000efa80000)
  from space 21504K, 0% used [0x00000000efa80000,0x00000000efa80000,0x00000000f0f80000)
  to   space 21504K, 0% used [0x00000000f1480000,0x00000000f1480000,0x00000000f2980000)
 ParOldGen       total 349696K, used 16396K [0x00000000a0000000, 0x00000000b5580000, 0x00000000e0000000)
  object space 349696K, 4% used [0x00000000a0000000,0x00000000a1003310,0x00000000b5580000)
 Metaspace       used 43540K, capacity 43902K, committed 44072K, reserved 1085440K
  class space    used 8082K, capacity 8186K, committed 8232K, reserved 1048576K
}
Event: 4,417 GC heap before
{Heap before GC invocations=7 (full 3):
 PSYoungGen      total 278016K, used 4024K [0x00000000e0000000, 0x00000000f2980000, 0x0000000100000000)
  eden space 256512K, 1% used [0x00000000e0000000,0x00000000e03ee0d0,0x00000000efa80000)
  from space 21504K, 0% used [0x00000000efa80000,0x00000000efa80000,0x00000000f0f80000)
  to   space 21504K, 0% used [0x00000000f1480000,0x00000000f1480000,0x00000000f2980000)
 ParOldGen       total 349696K, used 16396K [0x00000000a0000000, 0x00000000b5580000, 0x00000000e0000000)
  object space 349696K, 4% used [0x00000000a0000000,0x00000000a1003310,0x00000000b5580000)
 Metaspace       used 43545K, capacity 43902K, committed 44072K, reserved 1085440K
  class space    used 8083K, capacity 8186K, committed 8232K, reserved 1048576K
Event: 4,426 GC heap after
Heap after GC invocations=7 (full 3):
 PSYoungGen      total 283136K, used 128K [0x00000000e0000000, 0x00000000f2980000, 0x0000000100000000)
  eden space 261632K, 0% used [0x00000000e0000000,0x00000000e0000000,0x00000000eff80000)
  from space 21504K, 0% used [0x00000000f1480000,0x00000000f14a0000,0x00000000f2980000)
  to   space 21504K, 0% used [0x00000000eff80000,0x00000000eff80000,0x00000000f1480000)
 ParOldGen       total 349696K, used 16396K [0x00000000a0000000, 0x00000000b5580000, 0x00000000e0000000)
  object space 349696K, 4% used [0x00000000a0000000,0x00000000a1003310,0x00000000b5580000)
 Metaspace       used 43545K, capacity 43902K, committed 44072K, reserved 1085440K
  class space    used 8083K, capacity 8186K, committed 8232K, reserved 1048576K
}
Event: 4,426 GC heap before
{Heap before GC invocations=8 (full 4):
 PSYoungGen      total 283136K, used 128K [0x00000000e0000000, 0x00000000f2980000, 0x0000000100000000)
  eden space 261632K, 0% used [0x00000000e0000000,0x00000000e0000000,0x00000000eff80000)
  from space 21504K, 0% used [0x00000000f1480000,0x00000000f14a0000,0x00000000f2980000)
  to   space 21504K, 0% used [0x00000000eff80000,0x00000000eff80000,0x00000000f1480000)
 ParOldGen       total 349696K, used 16396K [0x00000000a0000000, 0x00000000b5580000, 0x00000000e0000000)
  object space 349696K, 4% used [0x00000000a0000000,0x00000000a1003310,0x00000000b5580000)
 Metaspace       used 43545K, capacity 43902K, committed 44072K, reserved 1085440K
  class space    used 8083K, capacity 8186K, committed 8232K, reserved 1048576K
Event: 4,483 GC heap after
Heap after GC invocations=8 (full 4):
 PSYoungGen      total 283136K, used 0K [0x00000000e0000000, 0x00000000f2980000, 0x0000000100000000)
  eden space 261632K, 0% used [0x00000000e0000000,0x00000000e0000000,0x00000000eff80000)
  from space 21504K, 0% used [0x00000000f1480000,0x00000000f1480000,0x00000000f2980000)
  to   space 21504K, 0% used [0x00000000eff80000,0x00000000eff80000,0x00000000f1480000)
 ParOldGen       total 349696K, used 10941K [0x00000000a0000000, 0x00000000b5580000, 0x00000000e0000000)
  object space 349696K, 3% used [0x00000000a0000000,0x00000000a0aaf498,0x00000000b5580000)
 Metaspace       used 43545K, capacity 43902K, committed 44072K, reserved 1085440K
  class space    used 8083K, capacity 8186K, committed 8232K, reserved 1048576K
}
Event: 7,282 GC heap before
{Heap before GC invocations=9 (full 4):
 PSYoungGen      total 283136K, used 261632K [0x00000000e0000000, 0x00000000f2980000, 0x0000000100000000)
  eden space 261632K, 100% used [0x00000000e0000000,0x00000000eff80000,0x00000000eff80000)
  from space 21504K, 0% used [0x00000000f1480000,0x00000000f1480000,0x00000000f2980000)
  to   space 21504K, 0% used [0x00000000eff80000,0x00000000eff80000,0x00000000f1480000)
 ParOldGen       total 349696K, used 10941K [0x00000000a0000000, 0x00000000b5580000, 0x00000000e0000000)
  object space 349696K, 3% used [0x00000000a0000000,0x00000000a0aaf498,0x00000000b5580000)
 Metaspace       used 46274K, capacity 46710K, committed 46888K, reserved 1087488K
  class space    used 8587K, capacity 8717K, committed 8744K, reserved 1048576K
Event: 7,316 GC heap after
Heap after GC invocations=9 (full 4):
 PSYoungGen      total 283136K, used 6445K [0x00000000e0000000, 0x00000000f7f00000, 0x0000000100000000)
  eden space 261632K, 0% used [0x00000000e0000000,0x00000000e0000000,0x00000000eff80000)
  from space 21504K, 29% used [0x00000000eff80000,0x00000000f05cb740,0x00000000f1480000)
  to   space 21504K, 0% used [0x00000000f6a00000,0x00000000f6a00000,0x00000000f7f00000)
 ParOldGen       total 349696K, used 10941K [0x00000000a0000000, 0x00000000b5580000, 0x00000000e0000000)
  object space 349696K, 3% used [0x00000000a0000000,0x00000000a0aaf498,0x00000000b5580000)
 Metaspace       used 46274K, capacity 46710K, committed 46888K, reserved 1087488K
  class space    used 8587K, capacity 8717K, committed 8744K, reserved 1048576K
}
Event: 230,973 GC heap before
{Heap before GC invocations=10 (full 4):
 PSYoungGen      total 283136K, used 268077K [0x00000000e0000000, 0x00000000f7f00000, 0x0000000100000000)
  eden space 261632K, 100% used [0x00000000e0000000,0x00000000eff80000,0x00000000eff80000)
  from space 21504K, 29% used [0x00000000eff80000,0x00000000f05cb740,0x00000000f1480000)
  to   space 21504K, 0% used [0x00000000f6a00000,0x00000000f6a00000,0x00000000f7f00000)
 ParOldGen       total 349696K, used 10941K [0x00000000a0000000, 0x00000000b5580000, 0x00000000e0000000)
  object space 349696K, 3% used [0x00000000a0000000,0x00000000a0aaf498,0x00000000b5580000)
 Metaspace       used 71659K, capacity 73397K, committed 73456K, reserved 1110016K
  class space    used 12216K, capacity 12437K, committed 12456K, reserved 1048576K

